0 info it worked if it ends with ok
1 verbose cli [
1 verbose cli   'C:\\Program Files\\nodejs\\node.exe',
1 verbose cli   'C:\\Program Files\\nodejs\\node_modules\\npm\\bin\\npm-cli.js',
1 verbose cli   'install',
1 verbose cli   '--save',
1 verbose cli   '@C:/Program Files/Git/components/skoonAccroche.vue'
1 verbose cli ]
2 info using npm@6.14.8
3 info using node@v14.15.1
4 verbose npm-session ccfcb95b3f93392c
5 silly install loadCurrentTree
6 silly install readLocalPackageData
7 silly fetchPackageMetaData error for file:@C:\Program Files\Git\components\skoonAccroche.vue Could not install from "@C:\Program Files\Git\components\skoonAccroche.vue" as it does not contain a package.json file.
8 timing stage:rollbackFailedOptional Completed in 1ms
9 timing stage:runTopLevelLifecycles Completed in 2497ms
10 verbose stack Error: ENOENT: no such file or directory, open 'C:\Users\creaw\OneDrive\Bureau\oral\Frontend-Skoon\@C:\Program Files\Git\components\skoonAccroche.vue\package.json'
11 verbose cwd C:\Users\creaw\OneDrive\Bureau\oral\Frontend-Skoon
12 verbose Windows_NT 10.0.19042
13 verbose argv "C:\\Program Files\\nodejs\\node.exe" "C:\\Program Files\\nodejs\\node_modules\\npm\\bin\\npm-cli.js" "install" "--save" "@C:/Program Files/Git/components/skoonAccroche.vue"
14 verbose node v14.15.1
15 verbose npm  v6.14.8
16 error code ENOLOCAL
17 error Could not install from "@C:\Program Files\Git\components\skoonAccroche.vue" as it does not contain a package.json file.
18 verbose exit [ 1, true ]
