0 info it worked if it ends with ok
1 verbose cli [
1 verbose cli   'C:\\Program Files\\nodejs\\node.exe',
1 verbose cli   'C:\\Program Files\\nodejs\\node_modules\\npm\\bin\\npm-cli.js',
1 verbose cli   'run',
1 verbose cli   'serve'
1 verbose cli ]
2 info using npm@6.14.8
3 info using node@v14.15.1
4 verbose run-script [ 'preserve', 'serve', 'postserve' ]
5 info lifecycle skoon@0.1.0~preserve: skoon@0.1.0
6 info lifecycle skoon@0.1.0~serve: skoon@0.1.0
7 verbose lifecycle skoon@0.1.0~serve: unsafe-perm in lifecycle true
8 verbose lifecycle skoon@0.1.0~serve: PATH: C:\Program Files\nodejs\node_modules\npm\node_modules\npm-lifecycle\node-gyp-bin;C:\Users\creaw\OneDrive\Bureau\oral\Frontend-Skoon\node_modules\.bin;C:\Users\creaw\bin;C:\Program Files\Git\mingw64\bin;C:\Program Files\Git\usr\local\bin;C:\Program Files\Git\usr\bin;C:\Program Files\Git\usr\bin;C:\Program Files\Git\mingw64\bin;C:\Program Files\Git\usr\bin;C:\Users\creaw\bin;C:\Python39\Scripts;C:\Python39;C:\WINDOWS\system32;C:\WINDOWS;C:\WINDOWS\System32\Wbem;C:\WINDOWS\System32\WindowsPowerShell\v1.0;C:\WINDOWS\System32\OpenSSH;C:\Program Files\RedHat\java-14-openjdk-jre-14.0.2-1\bin;C:\Program Files\Git\cmd;C:\ProgramData\chocolatey\bin;C:\Program Files\nodejs;C:\Program Files (x86)\Yarn\bin;C:\Program Files (x86)\HP\Common\HPDestPlgIn;C:\Program Files (x86)\HP\IdrsOCR_15.2.10.1114;C:\Users\creaw\.windows-build-tools\python27;C:\Program Files\MySQL\MySQL Shell 8.0\bin;C:\Users\creaw\AppData\Local\Microsoft\WindowsApps;C:\Users\creaw\AppData\Local\Programs\Microsoft VS Code\bin;C:\Users\creaw\AppData\Roaming\npm;C:\Users\creaw\AppData\Local\Yarn\bin;C:\Program Files (x86)\HP\Common\HPDestPlgIn;C:\Program Files\Git\usr\bin\vendor_perl;C:\Program Files\Git\usr\bin\core_perl
9 verbose lifecycle skoon@0.1.0~serve: CWD: C:\Users\creaw\OneDrive\Bureau\oral\Frontend-Skoon
10 silly lifecycle skoon@0.1.0~serve: Args: [ '/d /s /c', 'vue-cli-service serve' ]
11 silly lifecycle skoon@0.1.0~serve: Returned: code: 1  signal: null
12 info lifecycle skoon@0.1.0~serve: Failed to exec serve script
13 verbose stack Error: skoon@0.1.0 serve: `vue-cli-service serve`
13 verbose stack Exit status 1
13 verbose stack     at EventEmitter.<anonymous> (C:\Program Files\nodejs\node_modules\npm\node_modules\npm-lifecycle\index.js:332:16)
13 verbose stack     at EventEmitter.emit (events.js:315:20)
13 verbose stack     at ChildProcess.<anonymous> (C:\Program Files\nodejs\node_modules\npm\node_modules\npm-lifecycle\lib\spawn.js:55:14)
13 verbose stack     at ChildProcess.emit (events.js:315:20)
13 verbose stack     at maybeClose (internal/child_process.js:1048:16)
13 verbose stack     at Process.ChildProcess._handle.onexit (internal/child_process.js:288:5)
14 verbose pkgid skoon@0.1.0
15 verbose cwd C:\Users\creaw\OneDrive\Bureau\oral\Frontend-Skoon
16 verbose Windows_NT 10.0.19042
17 verbose argv "C:\\Program Files\\nodejs\\node.exe" "C:\\Program Files\\nodejs\\node_modules\\npm\\bin\\npm-cli.js" "run" "serve"
18 verbose node v14.15.1
19 verbose npm  v6.14.8
20 error code ELIFECYCLE
21 error errno 1
22 error skoon@0.1.0 serve: `vue-cli-service serve`
22 error Exit status 1
23 error Failed at the skoon@0.1.0 serve script.
23 error This is probably not a problem with npm. There is likely additional logging output above.
24 verbose exit [ 1, true ]
